# JRE version: OpenJDK Runtime Environment (8.0_242-b08) (build 1.8.0_242-8u242-b08-0ubuntu3~18.04-b08)
# Java VM: OpenJDK 64-Bit Server VM (25.242-b08 mixed mode linux-amd64 compressed oops)
Heap:
 def new generation   total 51136K, used 5613K [0x00000000e0c00000, 0x00000000e4370000, 0x00000000eb2a0000)
  eden space 45504K,  12% used [0x00000000e0c00000, 0x00000000e117b760, 0x00000000e3870000)
  from space 5632K,   0% used [0x00000000e3870000, 0x00000000e3870000, 0x00000000e3df0000)
  to   space 5632K,   0% used [0x00000000e3df0000, 0x00000000e3df0000, 0x00000000e4370000)
 tenured generation   total 136848K, used 136844K [0x00000000eb2a0000, 0x00000000f3844000, 0x0000000100000000)
   the space 136848K,  99% used [0x00000000eb2a0000, 0x00000000f3843320, 0x00000000f3843400, 0x00000000f3844000)
 Metaspace       used 24480K, capacity 24854K, committed 25216K, reserved 1071104K
  class space    used 2713K, capacity 2850K, committed 2944K, reserved 1048576K
GC Heap History (10 events):
Event: 25.570 GC heap after
Heap after GC invocations=70 (full 4):
 def new generation   total 30848K, used 3391K [0x00000000e0c00000, 0x00000000e2d70000, 0x00000000eb2a0000)
  eden space 27456K,   0% used [0x00000000e0c00000, 0x00000000e0c00000, 0x00000000e26d0000)
  from space 3392K,  99% used [0x00000000e2a20000, 0x00000000e2d6fff8, 0x00000000e2d70000)
  to   space 3392K,   0% used [0x00000000e26d0000, 0x00000000e26d0000, 0x00000000e2a20000)
 tenured generation   total 68332K, used 63213K [0x00000000eb2a0000, 0x00000000ef55b000, 0x0000000100000000)
   the space 68332K,  92% used [0x00000000eb2a0000, 0x00000000ef05b7d8, 0x00000000ef05b800, 0x00000000ef55b000)
 Metaspace       used 24466K, capacity 24854K, committed 25216K, reserved 1071104K
  class space    used 2712K, capacity 2850K, committed 2944K, reserved 1048576K
}
Event: 25.638 GC heap before
{Heap before GC invocations=70 (full 4):
 def new generation   total 30848K, used 30847K [0x00000000e0c00000, 0x00000000e2d70000, 0x00000000eb2a0000)
  eden space 27456K, 100% used [0x00000000e0c00000, 0x00000000e26d0000, 0x00000000e26d0000)
  from space 3392K,  99% used [0x00000000e2a20000, 0x00000000e2d6fff8, 0x00000000e2d70000)
  to   space 3392K,   0% used [0x00000000e26d0000, 0x00000000e26d0000, 0x00000000e2a20000)
 tenured generation   total 68332K, used 63213K [0x00000000eb2a0000, 0x00000000ef55b000, 0x0000000100000000)
   the space 68332K,  92% used [0x00000000eb2a0000, 0x00000000ef05b7d8, 0x00000000ef05b800, 0x00000000ef55b000)
 Metaspace       used 24467K, capacity 24854K, committed 25216K, reserved 1071104K
  class space    used 2713K, capacity 2850K, committed 2944K, reserved 1048576K
Event: 25.742 GC heap after
Heap after GC invocations=71 (full 5):
 def new generation   total 51136K, used 0K [0x00000000e0c00000, 0x00000000e4370000, 0x00000000eb2a0000)
  eden space 45504K,   0% used [0x00000000e0c00000, 0x00000000e0c00000, 0x00000000e3870000)
  from space 5632K,   0% used [0x00000000e3870000, 0x00000000e3870000, 0x00000000e3df0000)
  to   space 5632K,   0% used [0x00000000e3df0000, 0x00000000e3df0000, 0x00000000e4370000)
 tenured generation   total 113424K, used 68052K [0x00000000eb2a0000, 0x00000000f2164000, 0x0000000100000000)
   the space 113424K,  59% used [0x00000000eb2a0000, 0x00000000ef515238, 0x00000000ef515400, 0x00000000f2164000)
 Metaspace       used 24467K, capacity 24854K, committed 25216K, reserved 1071104K
  class space    used 2713K, capacity 2850K, committed 2944K, reserved 1048576K
}
Event: 26.078 GC heap before
{Heap before GC invocations=71 (full 5):
 def new generation   total 51136K, used 45504K [0x00000000e0c00000, 0x00000000e4370000, 0x00000000eb2a0000)
  eden space 45504K, 100% used [0x00000000e0c00000, 0x00000000e3870000, 0x00000000e3870000)
  from space 5632K,   0% used [0x00000000e3870000, 0x00000000e3870000, 0x00000000e3df0000)
  to   space 5632K,   0% used [0x00000000e3df0000, 0x00000000e3df0000, 0x00000000e4370000)
 tenured generation   total 113424K, used 68052K [0x00000000eb2a0000, 0x00000000f2164000, 0x0000000100000000)
   the space 113424K,  59% used [0x00000000eb2a0000, 0x00000000ef515238, 0x00000000ef515400, 0x00000000f2164000)
 Metaspace       used 24475K, capacity 24854K, committed 25216K, reserved 1071104K
  class space    used 2713K, capacity 2850K, committed 2944K, reserved 1048576K
Event: 26.105 GC heap after
Heap after GC invocations=72 (full 5):
 def new generation   total 51136K, used 5631K [0x00000000e0c00000, 0x00000000e4370000, 0x00000000eb2a0000)
  eden space 45504K,   0% used [0x00000000e0c00000, 0x00000000e0c00000, 0x00000000e3870000)
  from space 5632K,  99% used [0x00000000e3df0000, 0x00000000e436fff8, 0x00000000e4370000)
  to   space 5632K,   0% used [0x00000000e3870000, 0x00000000e3870000, 0x00000000e3df0000)
 tenured generation   total 113424K, used 73348K [0x00000000eb2a0000, 0x00000000f2164000, 0x0000000100000000)
   the space 113424K,  64% used [0x00000000eb2a0000, 0x00000000efa41328, 0x00000000efa41400, 0x00000000f2164000)
 Metaspace       used 24475K, capacity 24854K, committed 25216K, reserved 1071104K
  class space    used 2713K, capacity 2850K, committed 2944K, reserved 1048576K
}
Event: 26.315 GC heap before
{Heap before GC invocations=72 (full 5):
 def new generation   total 51136K, used 51135K [0x00000000e0c00000, 0x00000000e4370000, 0x00000000eb2a0000)
  eden space 45504K, 100% used [0x00000000e0c00000, 0x00000000e3870000, 0x00000000e3870000)
  from space 5632K,  99% used [0x00000000e3df0000, 0x00000000e436fff8, 0x00000000e4370000)
  to   space 5632K,   0% used [0x00000000e3870000, 0x00000000e3870000, 0x00000000e3df0000)
 tenured generation   total 113424K, used 73348K [0x00000000eb2a0000, 0x00000000f2164000, 0x0000000100000000)
   the space 113424K,  64% used [0x00000000eb2a0000, 0x00000000efa41328, 0x00000000efa41400, 0x00000000f2164000)
 Metaspace       used 24480K, capacity 24854K, committed 25216K, reserved 1071104K
  class space    used 2713K, capacity 2850K, committed 2944K, reserved 1048576K
Event: 26.322 GC heap after
Heap after GC invocations=73 (full 5):
 def new generation   total 51136K, used 1529K [0x00000000e0c00000, 0x00000000e4370000, 0x00000000eb2a0000)
  eden space 45504K,   0% used [0x00000000e0c00000, 0x00000000e0c00000, 0x00000000e3870000)
  from space 5632K,  27% used [0x00000000e3870000, 0x00000000e39ee720, 0x00000000e3df0000)
  to   space 5632K,   0% used [0x00000000e3df0000, 0x00000000e3df0000, 0x00000000e4370000)
 tenured generation   total 113424K, used 78910K [0x00000000eb2a0000, 0x00000000f2164000, 0x0000000100000000)
   the space 113424K,  69% used [0x00000000eb2a0000, 0x00000000effaf9d8, 0x00000000effafa00, 0x00000000f2164000)
 Metaspace       used 24480K, capacity 24854K, committed 25216K, reserved 1071104K
  class space    used 2713K, capacity 2850K, committed 2944K, reserved 1048576K
}
Event: 26.683 GC heap before
{Heap before GC invocations=73 (full 5):
 def new generation   total 51136K, used 47033K [0x00000000e0c00000, 0x00000000e4370000, 0x00000000eb2a0000)
  eden space 45504K, 100% used [0x00000000e0c00000, 0x00000000e3870000, 0x00000000e3870000)
  from space 5632K,  27% used [0x00000000e3870000, 0x00000000e39ee720, 0x00000000e3df0000)
  to   space 5632K,   0% used [0x00000000e3df0000, 0x00000000e3df0000, 0x00000000e4370000)
 tenured generation   total 113424K, used 78910K [0x00000000eb2a0000, 0x00000000f2164000, 0x0000000100000000)
   the space 113424K,  69% used [0x00000000eb2a0000, 0x00000000effaf9d8, 0x00000000effafa00, 0x00000000f2164000)
 Metaspace       used 24480K, capacity 24854K, committed 25216K, reserved 1071104K
  class space    used 2713K, capacity 2850K, committed 2944K, reserved 1048576K
Event: 26.694 GC heap after
Heap after GC invocations=74 (full 5):
 def new generation   total 51136K, used 5632K [0x00000000e0c00000, 0x00000000e4370000, 0x00000000eb2a0000)
  eden space 45504K,   0% used [0x00000000e0c00000, 0x00000000e0c00000, 0x00000000e3870000)
  from space 5632K, 100% used [0x00000000e3df0000, 0x00000000e4370000, 0x00000000e4370000)
  to   space 5632K,   0% used [0x00000000e3870000, 0x00000000e3870000, 0x00000000e3df0000)
 tenured generation   total 113424K, used 91956K [0x00000000eb2a0000, 0x00000000f2164000, 0x0000000100000000)
   the space 113424K,  81% used [0x00000000eb2a0000, 0x00000000f0c6d160, 0x00000000f0c6d200, 0x00000000f2164000)
 Metaspace       used 24480K, capacity 24854K, committed 25216K, reserved 1071104K
  class space    used 2713K, capacity 2850K, committed 2944K, reserved 1048576K
}
Event: 27.288 GC heap before
{Heap before GC invocations=74 (full 5):
 def new generation   total 51136K, used 51136K [0x00000000e0c00000, 0x00000000e4370000, 0x00000000eb2a0000)
  eden space 45504K, 100% used [0x00000000e0c00000, 0x00000000e3870000, 0x00000000e3870000)
  from space 5632K, 100% used [0x00000000e3df0000, 0x00000000e4370000, 0x00000000e4370000)
  to   space 5632K,   0% used [0x00000000e3870000, 0x00000000e3870000, 0x00000000e3df0000)
 tenured generation   total 113424K, used 91956K [0x00000000eb2a0000, 0x00000000f2164000, 0x0000000100000000)
   the space 113424K,  81% used [0x00000000eb2a0000, 0x00000000f0c6d160, 0x00000000f0c6d200, 0x00000000f2164000)
 Metaspace       used 24480K, capacity 24854K, committed 25216K, reserved 1071104K
  class space    used 2713K, capacity 2850K, committed 2944K, reserved 1048576K

