# JRE version: OpenJDK Runtime Environment (8.0_232-b09) (build 1.8.0_232-8u232-b09-0ubuntu1~18.04.1-b09)
# Java VM: OpenJDK 64-Bit Server VM (25.232-b09 mixed mode linux-amd64 compressed oops)
Heap:
 def new generation   total 39360K, used 39360K [0x00000000e0c00000, 0x00000000e36b0000, 0x00000000eb2a0000)
  eden space 35008K, 100% used [0x00000000e0c00000, 0x00000000e2e30000, 0x00000000e2e30000)
  from space 4352K, 100% used [0x00000000e2e30000, 0x00000000e3270000, 0x00000000e3270000)
  to   space 4352K,  99% used [0x00000000e3270000, 0x00000000e36afff8, 0x00000000e36b0000)
 tenured generation   total 87212K, used 87211K [0x00000000eb2a0000, 0x00000000f07cb000, 0x0000000100000000)
   the space 87212K,  99% used [0x00000000eb2a0000, 0x00000000f07caff8, 0x00000000f07cb000, 0x00000000f07cb000)
 Metaspace       used 25466K, capacity 25826K, committed 26240K, reserved 1073152K
  class space    used 2723K, capacity 2832K, committed 2944K, reserved 1048576K
GC Heap History (10 events):
Event: 1570.543 GC heap after
Heap after GC invocations=625 (full 33):
 def new generation   total 39360K, used 3661K [0x00000000e0c00000, 0x00000000e36b0000, 0x00000000eb2a0000)
  eden space 35008K,   0% used [0x00000000e0c00000, 0x00000000e0c00000, 0x00000000e2e30000)
  from space 4352K,  84% used [0x00000000e2e30000, 0x00000000e31c3630, 0x00000000e3270000)
  to   space 4352K,   0% used [0x00000000e3270000, 0x00000000e3270000, 0x00000000e36b0000)
 tenured generation   total 87212K, used 73505K [0x00000000eb2a0000, 0x00000000f07cb000, 0x0000000100000000)
   the space 87212K,  84% used [0x00000000eb2a0000, 0x00000000efa687f0, 0x00000000efa68800, 0x00000000f07cb000)
 Metaspace       used 25459K, capacity 25826K, committed 26240K, reserved 1073152K
  class space    used 2723K, capacity 2832K, committed 2944K, reserved 1048576K
}
Event: 1570.745 GC heap before
{Heap before GC invocations=625 (full 33):
 def new generation   total 39360K, used 38669K [0x00000000e0c00000, 0x00000000e36b0000, 0x00000000eb2a0000)
  eden space 35008K, 100% used [0x00000000e0c00000, 0x00000000e2e30000, 0x00000000e2e30000)
  from space 4352K,  84% used [0x00000000e2e30000, 0x00000000e31c3630, 0x00000000e3270000)
  to   space 4352K,   0% used [0x00000000e3270000, 0x00000000e3270000, 0x00000000e36b0000)
 tenured generation   total 87212K, used 73505K [0x00000000eb2a0000, 0x00000000f07cb000, 0x0000000100000000)
   the space 87212K,  84% used [0x00000000eb2a0000, 0x00000000efa687f0, 0x00000000efa68800, 0x00000000f07cb000)
 Metaspace       used 25459K, capacity 25826K, committed 26240K, reserved 1073152K
  class space    used 2723K, capacity 2832K, committed 2944K, reserved 1048576K
Event: 1570.802 GC heap after
Heap after GC invocations=626 (full 33):
 def new generation   total 39360K, used 4298K [0x00000000e0c00000, 0x00000000e36b0000, 0x00000000eb2a0000)
  eden space 35008K,   0% used [0x00000000e0c00000, 0x00000000e0c00000, 0x00000000e2e30000)
  from space 4352K,  98% used [0x00000000e3270000, 0x00000000e36a2b38, 0x00000000e36b0000)
  to   space 4352K,   0% used [0x00000000e2e30000, 0x00000000e2e30000, 0x00000000e3270000)
 tenured generation   total 87212K, used 76141K [0x00000000eb2a0000, 0x00000000f07cb000, 0x0000000100000000)
   the space 87212K,  87% used [0x00000000eb2a0000, 0x00000000efcfb4f8, 0x00000000efcfb600, 0x00000000f07cb000)
 Metaspace       used 25459K, capacity 25826K, committed 26240K, reserved 1073152K
  class space    used 2723K, capacity 2832K, committed 2944K, reserved 1048576K
}
Event: 1571.003 GC heap before
{Heap before GC invocations=626 (full 33):
 def new generation   total 39360K, used 39306K [0x00000000e0c00000, 0x00000000e36b0000, 0x00000000eb2a0000)
  eden space 35008K, 100% used [0x00000000e0c00000, 0x00000000e2e30000, 0x00000000e2e30000)
  from space 4352K,  98% used [0x00000000e3270000, 0x00000000e36a2b38, 0x00000000e36b0000)
  to   space 4352K,   0% used [0x00000000e2e30000, 0x00000000e2e30000, 0x00000000e3270000)
 tenured generation   total 87212K, used 76141K [0x00000000eb2a0000, 0x00000000f07cb000, 0x0000000100000000)
   the space 87212K,  87% used [0x00000000eb2a0000, 0x00000000efcfb4f8, 0x00000000efcfb600, 0x00000000f07cb000)
 Metaspace       used 25459K, capacity 25826K, committed 26240K, reserved 1073152K
  class space    used 2723K, capacity 2832K, committed 2944K, reserved 1048576K
Event: 1571.027 GC heap after
Heap after GC invocations=627 (full 33):
 def new generation   total 39360K, used 2276K [0x00000000e0c00000, 0x00000000e36b0000, 0x00000000eb2a0000)
  eden space 35008K,   0% used [0x00000000e0c00000, 0x00000000e0c00000, 0x00000000e2e30000)
  from space 4352K,  52% used [0x00000000e2e30000, 0x00000000e3069360, 0x00000000e3270000)
  to   space 4352K,   0% used [0x00000000e3270000, 0x00000000e3270000, 0x00000000e36b0000)
 tenured generation   total 87212K, used 79557K [0x00000000eb2a0000, 0x00000000f07cb000, 0x0000000100000000)
   the space 87212K,  91% used [0x00000000eb2a0000, 0x00000000f0051610, 0x00000000f0051800, 0x00000000f07cb000)
 Metaspace       used 25459K, capacity 25826K, committed 26240K, reserved 1073152K
  class space    used 2723K, capacity 2832K, committed 2944K, reserved 1048576K
}
Event: 1571.174 GC heap before
{Heap before GC invocations=627 (full 33):
 def new generation   total 39360K, used 37284K [0x00000000e0c00000, 0x00000000e36b0000, 0x00000000eb2a0000)
  eden space 35008K, 100% used [0x00000000e0c00000, 0x00000000e2e30000, 0x00000000e2e30000)
  from space 4352K,  52% used [0x00000000e2e30000, 0x00000000e3069360, 0x00000000e3270000)
  to   space 4352K,   0% used [0x00000000e3270000, 0x00000000e3270000, 0x00000000e36b0000)
 tenured generation   total 87212K, used 79557K [0x00000000eb2a0000, 0x00000000f07cb000, 0x0000000100000000)
   the space 87212K,  91% used [0x00000000eb2a0000, 0x00000000f0051610, 0x00000000f0051800, 0x00000000f07cb000)
 Metaspace       used 25459K, capacity 25826K, committed 26240K, reserved 1073152K
  class space    used 2723K, capacity 2832K, committed 2944K, reserved 1048576K
Event: 1571.217 GC heap after
Heap after GC invocations=628 (full 33):
 def new generation   total 39360K, used 2020K [0x00000000e0c00000, 0x00000000e36b0000, 0x00000000eb2a0000)
  eden space 35008K,   0% used [0x00000000e0c00000, 0x00000000e0c00000, 0x00000000e2e30000)
  from space 4352K,  46% used [0x00000000e3270000, 0x00000000e34691e8, 0x00000000e36b0000)
  to   space 4352K,   0% used [0x00000000e2e30000, 0x00000000e2e30000, 0x00000000e3270000)
 tenured generation   total 87212K, used 81262K [0x00000000eb2a0000, 0x00000000f07cb000, 0x0000000100000000)
   the space 87212K,  93% used [0x00000000eb2a0000, 0x00000000f01fba68, 0x00000000f01fbc00, 0x00000000f07cb000)
 Metaspace       used 25459K, capacity 25826K, committed 26240K, reserved 1073152K
  class space    used 2723K, capacity 2832K, committed 2944K, reserved 1048576K
}
Event: 1573.129 GC heap before
{Heap before GC invocations=628 (full 33):
 def new generation   total 39360K, used 37028K [0x00000000e0c00000, 0x00000000e36b0000, 0x00000000eb2a0000)
  eden space 35008K, 100% used [0x00000000e0c00000, 0x00000000e2e30000, 0x00000000e2e30000)
  from space 4352K,  46% used [0x00000000e3270000, 0x00000000e34691e8, 0x00000000e36b0000)
  to   space 4352K,   0% used [0x00000000e2e30000, 0x00000000e2e30000, 0x00000000e3270000)
 tenured generation   total 87212K, used 81262K [0x00000000eb2a0000, 0x00000000f07cb000, 0x0000000100000000)
   the space 87212K,  93% used [0x00000000eb2a0000, 0x00000000f01fba68, 0x00000000f01fbc00, 0x00000000f07cb000)
 Metaspace       used 25462K, capacity 25826K, committed 26240K, reserved 1073152K
  class space    used 2723K, capacity 2832K, committed 2944K, reserved 1048576K
Event: 1573.182 GC heap after
Heap after GC invocations=629 (full 33):
 def new generation   total 39360K, used 4352K [0x00000000e0c00000, 0x00000000e36b0000, 0x00000000eb2a0000)
  eden space 35008K,   0% used [0x00000000e0c00000, 0x00000000e0c00000, 0x00000000e2e30000)
  from space 4352K, 100% used [0x00000000e2e30000, 0x00000000e3270000, 0x00000000e3270000)
  to   space 4352K,   0% used [0x00000000e3270000, 0x00000000e3270000, 0x00000000e36b0000)
 tenured generation   total 87212K, used 84911K [0x00000000eb2a0000, 0x00000000f07cb000, 0x0000000100000000)
   the space 87212K,  97% used [0x00000000eb2a0000, 0x00000000f058bef0, 0x00000000f058c000, 0x00000000f07cb000)
 Metaspace       used 25462K, capacity 25826K, committed 26240K, reserved 1073152K
  class space    used 2723K, capacity 2832K, committed 2944K, reserved 1048576K
}
Event: 1573.480 GC heap before
{Heap before GC invocations=629 (full 33):
 def new generation   total 39360K, used 39360K [0x00000000e0c00000, 0x00000000e36b0000, 0x00000000eb2a0000)
  eden space 35008K, 100% used [0x00000000e0c00000, 0x00000000e2e30000, 0x00000000e2e30000)
  from space 4352K, 100% used [0x00000000e2e30000, 0x00000000e3270000, 0x00000000e3270000)
  to   space 4352K,   0% used [0x00000000e3270000, 0x00000000e3270000, 0x00000000e36b0000)
 tenured generation   total 87212K, used 84911K [0x00000000eb2a0000, 0x00000000f07cb000, 0x0000000100000000)
   the space 87212K,  97% used [0x00000000eb2a0000, 0x00000000f058bef0, 0x00000000f058c000, 0x00000000f07cb000)
 Metaspace       used 25466K, capacity 25826K, committed 26240K, reserved 1073152K
  class space    used 2723K, capacity 2832K, committed 2944K, reserved 1048576K

