# JRE version: OpenJDK Runtime Environment (8.0_242-b08) (build 1.8.0_242-8u242-b08-0ubuntu3~18.04-b08)
# Java VM: OpenJDK 64-Bit Server VM (25.242-b08 mixed mode linux-amd64 compressed oops)
Heap:
 def new generation   total 53568K, used 5773K [0x00000000e0c00000, 0x00000000e4620000, 0x00000000eb2a0000)
  eden space 47616K,  12% used [0x00000000e0c00000, 0x00000000e11a34a0, 0x00000000e3a80000)
  from space 5952K,   0% used [0x00000000e3a80000, 0x00000000e3a80000, 0x00000000e4050000)
  to   space 5952K,   0% used [0x00000000e4050000, 0x00000000e4050000, 0x00000000e4620000)
 tenured generation   total 125628K, used 125623K [0x00000000eb2a0000, 0x00000000f2d4f000, 0x0000000100000000)
   the space 125628K,  99% used [0x00000000eb2a0000, 0x00000000f2d4ded0, 0x00000000f2d4e000, 0x00000000f2d4f000)
 Metaspace       used 23465K, capacity 23812K, committed 24064K, reserved 1071104K
  class space    used 2617K, capacity 2715K, committed 2816K, reserved 1048576K
GC Heap History (10 events):
Event: 18.668 GC heap after
Heap after GC invocations=24 (full 4):
 def new generation   total 30272K, used 3328K [0x00000000e0c00000, 0x00000000e2cd0000, 0x00000000eb2a0000)
  eden space 26944K,   0% used [0x00000000e0c00000, 0x00000000e0c00000, 0x00000000e2650000)
  from space 3328K, 100% used [0x00000000e2650000, 0x00000000e2990000, 0x00000000e2990000)
  to   space 3328K,   0% used [0x00000000e2990000, 0x00000000e2990000, 0x00000000e2cd0000)
 tenured generation   total 66988K, used 64509K [0x00000000eb2a0000, 0x00000000ef40b000, 0x0000000100000000)
   the space 66988K,  96% used [0x00000000eb2a0000, 0x00000000ef19f7c0, 0x00000000ef19f800, 0x00000000ef40b000)
 Metaspace       used 23410K, capacity 23748K, committed 24064K, reserved 1071104K
  class space    used 2617K, capacity 2715K, committed 2816K, reserved 1048576K
}
Event: 18.856 GC heap before
{Heap before GC invocations=24 (full 4):
 def new generation   total 30272K, used 30272K [0x00000000e0c00000, 0x00000000e2cd0000, 0x00000000eb2a0000)
  eden space 26944K, 100% used [0x00000000e0c00000, 0x00000000e2650000, 0x00000000e2650000)
  from space 3328K, 100% used [0x00000000e2650000, 0x00000000e2990000, 0x00000000e2990000)
  to   space 3328K,   0% used [0x00000000e2990000, 0x00000000e2990000, 0x00000000e2cd0000)
 tenured generation   total 66988K, used 64509K [0x00000000eb2a0000, 0x00000000ef40b000, 0x0000000100000000)
   the space 66988K,  96% used [0x00000000eb2a0000, 0x00000000ef19f7c0, 0x00000000ef19f800, 0x00000000ef40b000)
 Metaspace       used 23419K, capacity 23812K, committed 24064K, reserved 1071104K
  class space    used 2617K, capacity 2715K, committed 2816K, reserved 1048576K
Event: 19.014 GC heap after
Heap after GC invocations=25 (full 5):
 def new generation   total 53568K, used 3236K [0x00000000e0c00000, 0x00000000e4620000, 0x00000000eb2a0000)
  eden space 47616K,   6% used [0x00000000e0c00000, 0x00000000e0f29158, 0x00000000e3a80000)
  from space 5952K,   0% used [0x00000000e3a80000, 0x00000000e3a80000, 0x00000000e4050000)
  to   space 5952K,   0% used [0x00000000e4050000, 0x00000000e4050000, 0x00000000e4620000)
 tenured generation   total 118908K, used 71343K [0x00000000eb2a0000, 0x00000000f26bf000, 0x0000000100000000)
   the space 118908K,  59% used [0x00000000eb2a0000, 0x00000000ef84bfd0, 0x00000000ef84c000, 0x00000000f26bf000)
 Metaspace       used 23419K, capacity 23812K, committed 24064K, reserved 1071104K
  class space    used 2617K, capacity 2715K, committed 2816K, reserved 1048576K
}
Event: 19.247 GC heap before
{Heap before GC invocations=25 (full 5):
 def new generation   total 53568K, used 47616K [0x00000000e0c00000, 0x00000000e4620000, 0x00000000eb2a0000)
  eden space 47616K, 100% used [0x00000000e0c00000, 0x00000000e3a80000, 0x00000000e3a80000)
  from space 5952K,   0% used [0x00000000e3a80000, 0x00000000e3a80000, 0x00000000e4050000)
  to   space 5952K,   0% used [0x00000000e4050000, 0x00000000e4050000, 0x00000000e4620000)
 tenured generation   total 118908K, used 71343K [0x00000000eb2a0000, 0x00000000f26bf000, 0x0000000100000000)
   the space 118908K,  59% used [0x00000000eb2a0000, 0x00000000ef84bfd0, 0x00000000ef84c000, 0x00000000f26bf000)
 Metaspace       used 23430K, capacity 23812K, committed 24064K, reserved 1071104K
  class space    used 2617K, capacity 2715K, committed 2816K, reserved 1048576K
Event: 19.333 GC heap after
Heap after GC invocations=26 (full 5):
 def new generation   total 53568K, used 5951K [0x00000000e0c00000, 0x00000000e4620000, 0x00000000eb2a0000)
  eden space 47616K,   0% used [0x00000000e0c00000, 0x00000000e0c00000, 0x00000000e3a80000)
  from space 5952K,  99% used [0x00000000e4050000, 0x00000000e461fff8, 0x00000000e4620000)
  to   space 5952K,   0% used [0x00000000e3a80000, 0x00000000e3a80000, 0x00000000e4050000)
 tenured generation   total 118908K, used 81918K [0x00000000eb2a0000, 0x00000000f26bf000, 0x0000000100000000)
   the space 118908K,  68% used [0x00000000eb2a0000, 0x00000000f029f878, 0x00000000f029fa00, 0x00000000f26bf000)
 Metaspace       used 23430K, capacity 23812K, committed 24064K, reserved 1071104K
  class space    used 2617K, capacity 2715K, committed 2816K, reserved 1048576K
}
Event: 19.470 GC heap before
{Heap before GC invocations=26 (full 5):
 def new generation   total 53568K, used 53567K [0x00000000e0c00000, 0x00000000e4620000, 0x00000000eb2a0000)
  eden space 47616K, 100% used [0x00000000e0c00000, 0x00000000e3a80000, 0x00000000e3a80000)
  from space 5952K,  99% used [0x00000000e4050000, 0x00000000e461fff8, 0x00000000e4620000)
  to   space 5952K,   0% used [0x00000000e3a80000, 0x00000000e3a80000, 0x00000000e4050000)
 tenured generation   total 118908K, used 81918K [0x00000000eb2a0000, 0x00000000f26bf000, 0x0000000100000000)
   the space 118908K,  68% used [0x00000000eb2a0000, 0x00000000f029f878, 0x00000000f029fa00, 0x00000000f26bf000)
 Metaspace       used 23444K, capacity 23812K, committed 24064K, reserved 1071104K
  class space    used 2617K, capacity 2715K, committed 2816K, reserved 1048576K
Event: 19.539 GC heap after
Heap after GC invocations=27 (full 5):
 def new generation   total 53568K, used 5952K [0x00000000e0c00000, 0x00000000e4620000, 0x00000000eb2a0000)
  eden space 47616K,   0% used [0x00000000e0c00000, 0x00000000e0c00000, 0x00000000e3a80000)
  from space 5952K, 100% used [0x00000000e3a80000, 0x00000000e4050000, 0x00000000e4050000)
  to   space 5952K,   0% used [0x00000000e4050000, 0x00000000e4050000, 0x00000000e4620000)
 tenured generation   total 118908K, used 96487K [0x00000000eb2a0000, 0x00000000f26bf000, 0x0000000100000000)
   the space 118908K,  81% used [0x00000000eb2a0000, 0x00000000f10d9cd8, 0x00000000f10d9e00, 0x00000000f26bf000)
 Metaspace       used 23444K, capacity 23812K, committed 24064K, reserved 1071104K
  class space    used 2617K, capacity 2715K, committed 2816K, reserved 1048576K
}
Event: 19.683 GC heap before
{Heap before GC invocations=27 (full 5):
 def new generation   total 53568K, used 53363K [0x00000000e0c00000, 0x00000000e4620000, 0x00000000eb2a0000)
  eden space 47616K,  99% used [0x00000000e0c00000, 0x00000000e3a4cc88, 0x00000000e3a80000)
  from space 5952K, 100% used [0x00000000e3a80000, 0x00000000e4050000, 0x00000000e4050000)
  to   space 5952K,   0% used [0x00000000e4050000, 0x00000000e4050000, 0x00000000e4620000)
 tenured generation   total 118908K, used 96487K [0x00000000eb2a0000, 0x00000000f26bf000, 0x0000000100000000)
   the space 118908K,  81% used [0x00000000eb2a0000, 0x00000000f10d9cd8, 0x00000000f10d9e00, 0x00000000f26bf000)
 Metaspace       used 23450K, capacity 23812K, committed 24064K, reserved 1071104K
  class space    used 2617K, capacity 2715K, committed 2816K, reserved 1048576K
Event: 19.766 GC heap after
Heap after GC invocations=28 (full 5):
 def new generation   total 53568K, used 5951K [0x00000000e0c00000, 0x00000000e4620000, 0x00000000eb2a0000)
  eden space 47616K,   0% used [0x00000000e0c00000, 0x00000000e0c00000, 0x00000000e3a80000)
  from space 5952K,  99% used [0x00000000e4050000, 0x00000000e461fff8, 0x00000000e4620000)
  to   space 5952K,   0% used [0x00000000e3a80000, 0x00000000e3a80000, 0x00000000e4050000)
 tenured generation   total 118908K, used 111222K [0x00000000eb2a0000, 0x00000000f26bf000, 0x0000000100000000)
   the space 118908K,  93% used [0x00000000eb2a0000, 0x00000000f1f3d8e0, 0x00000000f1f3da00, 0x00000000f26bf000)
 Metaspace       used 23450K, capacity 23812K, committed 24064K, reserved 1071104K
  class space    used 2617K, capacity 2715K, committed 2816K, reserved 1048576K
}
Event: 19.933 GC heap before
{Heap before GC invocations=28 (full 5):
 def new generation   total 53568K, used 53567K [0x00000000e0c00000, 0x00000000e4620000, 0x00000000eb2a0000)
  eden space 47616K, 100% used [0x00000000e0c00000, 0x00000000e3a80000, 0x00000000e3a80000)
  from space 5952K,  99% used [0x00000000e4050000, 0x00000000e461fff8, 0x00000000e4620000)
  to   space 5952K,   0% used [0x00000000e3a80000, 0x00000000e3a80000, 0x00000000e4050000)
 tenured generation   total 118908K, used 111222K [0x00000000eb2a0000, 0x00000000f26bf000, 0x0000000100000000)
   the space 118908K,  93% used [0x00000000eb2a0000, 0x00000000f1f3d8e0, 0x00000000f1f3da00, 0x00000000f26bf000)
 Metaspace       used 23465K, capacity 23812K, committed 24064K, reserved 1071104K
  class space    used 2617K, capacity 2715K, committed 2816K, reserved 1048576K

