# JRE version: OpenJDK Runtime Environment (8.0_242-b08) (build 1.8.0_242-8u242-b08-0ubuntu3~18.04-b08)
# Java VM: OpenJDK 64-Bit Server VM (25.242-b08 mixed mode linux-amd64 compressed oops)
Heap:
 def new generation   total 55296K, used 0K [0x00000000e0c00000, 0x00000000e47f0000, 0x00000000eb2a0000)
  eden space 49216K,   0% used [0x00000000e0c00000, 0x00000000e0c00000, 0x00000000e3c10000)
  from space 6080K,   0% used [0x00000000e3c10000, 0x00000000e3c10000, 0x00000000e4200000)
  to   space 6080K,   0% used [0x00000000e4200000, 0x00000000e4200000, 0x00000000e47f0000)
 tenured generation   total 124172K, used 120449K [0x00000000eb2a0000, 0x00000000f2be3000, 0x0000000100000000)
   the space 124172K,  97% used [0x00000000eb2a0000, 0x00000000f2840510, 0x00000000f2840600, 0x00000000f2be3000)
 Metaspace       used 25770K, capacity 26146K, committed 26496K, reserved 1073152K
  class space    used 2726K, capacity 2832K, committed 2944K, reserved 1048576K
GC Heap History (10 events):
Event: 3178269.390 GC heap after
Heap after GC invocations=543 (full 118):
 def new generation   total 55296K, used 6080K [0x00000000e0c00000, 0x00000000e47f0000, 0x00000000eb2a0000)
  eden space 49216K,   0% used [0x00000000e0c00000, 0x00000000e0c00000, 0x00000000e3c10000)
  from space 6080K, 100% used [0x00000000e4200000, 0x00000000e47f0000, 0x00000000e47f0000)
  to   space 6080K,   0% used [0x00000000e3c10000, 0x00000000e3c10000, 0x00000000e4200000)
 tenured generation   total 122636K, used 116884K [0x00000000eb2a0000, 0x00000000f2a63000, 0x0000000100000000)
   the space 122636K,  95% used [0x00000000eb2a0000, 0x00000000f24c5110, 0x00000000f24c5200, 0x00000000f2a63000)
 Metaspace       used 25770K, capacity 26146K, committed 26496K, reserved 1073152K
  class space    used 2726K, capacity 2832K, committed 2944K, reserved 1048576K
}
Event: 3178269.469 GC heap before
{Heap before GC invocations=543 (full 118):
 def new generation   total 55296K, used 55296K [0x00000000e0c00000, 0x00000000e47f0000, 0x00000000eb2a0000)
  eden space 49216K, 100% used [0x00000000e0c00000, 0x00000000e3c10000, 0x00000000e3c10000)
  from space 6080K, 100% used [0x00000000e4200000, 0x00000000e47f0000, 0x00000000e47f0000)
  to   space 6080K,   0% used [0x00000000e3c10000, 0x00000000e3c10000, 0x00000000e4200000)
 tenured generation   total 122636K, used 116884K [0x00000000eb2a0000, 0x00000000f2a63000, 0x0000000100000000)
   the space 122636K,  95% used [0x00000000eb2a0000, 0x00000000f24c5110, 0x00000000f24c5200, 0x00000000f2a63000)
 Metaspace       used 25770K, capacity 26146K, committed 26496K, reserved 1073152K
  class space    used 2726K, capacity 2832K, committed 2944K, reserved 1048576K
Event: 3178269.684 GC heap after
Heap after GC invocations=544 (full 119):
 def new generation   total 55296K, used 0K [0x00000000e0c00000, 0x00000000e47f0000, 0x00000000eb2a0000)
  eden space 49216K,   0% used [0x00000000e0c00000, 0x00000000e0c00000, 0x00000000e3c10000)
  from space 6080K,   0% used [0x00000000e3c10000, 0x00000000e3c10000, 0x00000000e4200000)
  to   space 6080K,   0% used [0x00000000e4200000, 0x00000000e4200000, 0x00000000e47f0000)
 tenured generation   total 122636K, used 69512K [0x00000000eb2a0000, 0x00000000f2a63000, 0x0000000100000000)
   the space 122636K,  56% used [0x00000000eb2a0000, 0x00000000ef682120, 0x00000000ef682200, 0x00000000f2a63000)
 Metaspace       used 25770K, capacity 26146K, committed 26496K, reserved 1073152K
  class space    used 2726K, capacity 2832K, committed 2944K, reserved 1048576K
}
Event: 3178269.759 GC heap before
{Heap before GC invocations=544 (full 119):
 def new generation   total 55296K, used 49216K [0x00000000e0c00000, 0x00000000e47f0000, 0x00000000eb2a0000)
  eden space 49216K, 100% used [0x00000000e0c00000, 0x00000000e3c10000, 0x00000000e3c10000)
  from space 6080K,   0% used [0x00000000e3c10000, 0x00000000e3c10000, 0x00000000e4200000)
  to   space 6080K,   0% used [0x00000000e4200000, 0x00000000e4200000, 0x00000000e47f0000)
 tenured generation   total 122636K, used 69512K [0x00000000eb2a0000, 0x00000000f2a63000, 0x0000000100000000)
   the space 122636K,  56% used [0x00000000eb2a0000, 0x00000000ef682120, 0x00000000ef682200, 0x00000000f2a63000)
 Metaspace       used 25770K, capacity 26146K, committed 26496K, reserved 1073152K
  class space    used 2726K, capacity 2832K, committed 2944K, reserved 1048576K
Event: 3178269.833 GC heap after
Heap after GC invocations=545 (full 119):
 def new generation   total 55296K, used 6079K [0x00000000e0c00000, 0x00000000e47f0000, 0x00000000eb2a0000)
  eden space 49216K,   0% used [0x00000000e0c00000, 0x00000000e0c00000, 0x00000000e3c10000)
  from space 6080K,  99% used [0x00000000e4200000, 0x00000000e47efff8, 0x00000000e47f0000)
  to   space 6080K,   0% used [0x00000000e3c10000, 0x00000000e3c10000, 0x00000000e4200000)
 tenured generation   total 122636K, used 79757K [0x00000000eb2a0000, 0x00000000f2a63000, 0x0000000100000000)
   the space 122636K,  65% used [0x00000000eb2a0000, 0x00000000f00836f8, 0x00000000f0083800, 0x00000000f2a63000)
 Metaspace       used 25770K, capacity 26146K, committed 26496K, reserved 1073152K
  class space    used 2726K, capacity 2832K, committed 2944K, reserved 1048576K
}
Event: 3178269.909 GC heap before
{Heap before GC invocations=545 (full 119):
 def new generation   total 55296K, used 55295K [0x00000000e0c00000, 0x00000000e47f0000, 0x00000000eb2a0000)
  eden space 49216K, 100% used [0x00000000e0c00000, 0x00000000e3c10000, 0x00000000e3c10000)
  from space 6080K,  99% used [0x00000000e4200000, 0x00000000e47efff8, 0x00000000e47f0000)
  to   space 6080K,   0% used [0x00000000e3c10000, 0x00000000e3c10000, 0x00000000e4200000)
 tenured generation   total 122636K, used 79757K [0x00000000eb2a0000, 0x00000000f2a63000, 0x0000000100000000)
   the space 122636K,  65% used [0x00000000eb2a0000, 0x00000000f00836f8, 0x00000000f0083800, 0x00000000f2a63000)
 Metaspace       used 25770K, capacity 26146K, committed 26496K, reserved 1073152K
  class space    used 2726K, capacity 2832K, committed 2944K, reserved 1048576K
Event: 3178269.954 GC heap after
Heap after GC invocations=546 (full 119):
 def new generation   total 55296K, used 6080K [0x00000000e0c00000, 0x00000000e47f0000, 0x00000000eb2a0000)
  eden space 49216K,   0% used [0x00000000e0c00000, 0x00000000e0c00000, 0x00000000e3c10000)
  from space 6080K, 100% used [0x00000000e3c10000, 0x00000000e4200000, 0x00000000e4200000)
  to   space 6080K,   0% used [0x00000000e4200000, 0x00000000e4200000, 0x00000000e47f0000)
 tenured generation   total 122636K, used 94584K [0x00000000eb2a0000, 0x00000000f2a63000, 0x0000000100000000)
   the space 122636K,  77% used [0x00000000eb2a0000, 0x00000000f0efe258, 0x00000000f0efe400, 0x00000000f2a63000)
 Metaspace       used 25770K, capacity 26146K, committed 26496K, reserved 1073152K
  class space    used 2726K, capacity 2832K, committed 2944K, reserved 1048576K
}
Event: 3178270.035 GC heap before
{Heap before GC invocations=546 (full 119):
 def new generation   total 55296K, used 55296K [0x00000000e0c00000, 0x00000000e47f0000, 0x00000000eb2a0000)
  eden space 49216K, 100% used [0x00000000e0c00000, 0x00000000e3c10000, 0x00000000e3c10000)
  from space 6080K, 100% used [0x00000000e3c10000, 0x00000000e4200000, 0x00000000e4200000)
  to   space 6080K,   0% used [0x00000000e4200000, 0x00000000e4200000, 0x00000000e47f0000)
 tenured generation   total 122636K, used 94584K [0x00000000eb2a0000, 0x00000000f2a63000, 0x0000000100000000)
   the space 122636K,  77% used [0x00000000eb2a0000, 0x00000000f0efe258, 0x00000000f0efe400, 0x00000000f2a63000)
 Metaspace       used 25770K, capacity 26146K, committed 26496K, reserved 1073152K
  class space    used 2726K, capacity 2832K, committed 2944K, reserved 1048576K
Event: 3178270.075 GC heap after
Heap after GC invocations=547 (full 119):
 def new generation   total 55296K, used 6080K [0x00000000e0c00000, 0x00000000e47f0000, 0x00000000eb2a0000)
  eden space 49216K,   0% used [0x00000000e0c00000, 0x00000000e0c00000, 0x00000000e3c10000)
  from space 6080K, 100% used [0x00000000e4200000, 0x00000000e47f0000, 0x00000000e47f0000)
  to   space 6080K,   0% used [0x00000000e3c10000, 0x00000000e3c10000, 0x00000000e4200000)
 tenured generation   total 122636K, used 108523K [0x00000000eb2a0000, 0x00000000f2a63000, 0x0000000100000000)
   the space 122636K,  88% used [0x00000000eb2a0000, 0x00000000f1c9af30, 0x00000000f1c9b000, 0x00000000f2a63000)
 Metaspace       used 25770K, capacity 26146K, committed 26496K, reserved 1073152K
  class space    used 2726K, capacity 2832K, committed 2944K, reserved 1048576K
}
Event: 3178270.155 GC heap before
{Heap before GC invocations=547 (full 119):
 def new generation   total 55296K, used 55296K [0x00000000e0c00000, 0x00000000e47f0000, 0x00000000eb2a0000)
  eden space 49216K, 100% used [0x00000000e0c00000, 0x00000000e3c10000, 0x00000000e3c10000)
  from space 6080K, 100% used [0x00000000e4200000, 0x00000000e47f0000, 0x00000000e47f0000)
  to   space 6080K,   0% used [0x00000000e3c10000, 0x00000000e3c10000, 0x00000000e4200000)
 tenured generation   total 122636K, used 108523K [0x00000000eb2a0000, 0x00000000f2a63000, 0x0000000100000000)
   the space 122636K,  88% used [0x00000000eb2a0000, 0x00000000f1c9af30, 0x00000000f1c9b000, 0x00000000f2a63000)
 Metaspace       used 25770K, capacity 26146K, committed 26496K, reserved 1073152K
  class space    used 2726K, capacity 2832K, committed 2944K, reserved 1048576K

